Copyright 1986-2022 Xilinx, Inc. All Rights Reserved.
-----------------------------------------------------------------------------------------------------
| Tool Version : Vivado v.2022.2 (win64) Build 3671981 Fri Oct 14 05:00:03 MDT 2022
| Date         : Wed May  3 21:14:44 2023
| Host         : Jonesy running 64-bit major release  (build 9200)
| Command      : report_utilization -file main_utilization_placed.rpt -pb main_utilization_placed.pb
| Design       : main
| Device       : xczu7cg-ffvf1517-2-e
| Speed File   : -2
| Design State : Fully Placed
-----------------------------------------------------------------------------------------------------

Utilization Design Information

Table of Contents
-----------------
1. CLB Logic
1.1 Summary of Registers by Type
2. CLB Logic Distribution
3. BLOCKRAM
4. ARITHMETIC
5. I/O
6. CLOCK
7. ADVANCED
8. CONFIGURATION
9. Primitives
10. Black Boxes
11. Instantiated Netlists

1. CLB Logic
------------

+----------------------------+------+-------+------------+-----------+-------+
|          Site Type         | Used | Fixed | Prohibited | Available | Util% |
+----------------------------+------+-------+------------+-----------+-------+
| CLB LUTs                   | 1032 |     0 |          0 |    230400 |  0.45 |
|   LUT as Logic             | 1016 |     0 |          0 |    230400 |  0.44 |
|   LUT as Memory            |   16 |     0 |          0 |    101760 |  0.02 |
|     LUT as Distributed RAM |   16 |     0 |            |           |       |
|     LUT as Shift Register  |    0 |     0 |            |           |       |
| CLB Registers              | 1067 |     0 |          0 |    460800 |  0.23 |
|   Register as Flip Flop    | 1024 |     0 |          0 |    460800 |  0.22 |
|   Register as Latch        |   43 |     0 |          0 |    460800 | <0.01 |
| CARRY8                     |   14 |     0 |          0 |     28800 |  0.05 |
| F7 Muxes                   |  234 |     0 |          0 |    115200 |  0.20 |
| F8 Muxes                   |   52 |     0 |          0 |     57600 |  0.09 |
| F9 Muxes                   |    0 |     0 |          0 |     28800 |  0.00 |
+----------------------------+------+-------+------------+-----------+-------+
* Warning! LUT value is adjusted to account for LUT combining.


1.1 Summary of Registers by Type
--------------------------------

+-------+--------------+-------------+--------------+
| Total | Clock Enable | Synchronous | Asynchronous |
+-------+--------------+-------------+--------------+
| 0     |            _ |           - |            - |
| 0     |            _ |           - |          Set |
| 0     |            _ |           - |        Reset |
| 0     |            _ |         Set |            - |
| 0     |            _ |       Reset |            - |
| 0     |          Yes |           - |            - |
| 0     |          Yes |           - |          Set |
| 43    |          Yes |           - |        Reset |
| 0     |          Yes |         Set |            - |
| 1024  |          Yes |       Reset |            - |
+-------+--------------+-------------+--------------+


2. CLB Logic Distribution
-------------------------

+--------------------------------------------+------+-------+------------+-----------+-------+
|                  Site Type                 | Used | Fixed | Prohibited | Available | Util% |
+--------------------------------------------+------+-------+------------+-----------+-------+
| CLB                                        |  274 |     0 |          0 |     28800 |  0.95 |
|   CLBL                                     |  154 |     0 |            |           |       |
|   CLBM                                     |  120 |     0 |            |           |       |
| LUT as Logic                               | 1016 |     0 |          0 |    230400 |  0.44 |
|   using O5 output only                     |    5 |       |            |           |       |
|   using O6 output only                     |  867 |       |            |           |       |
|   using O5 and O6                          |  144 |       |            |           |       |
| LUT as Memory                              |   16 |     0 |          0 |    101760 |  0.02 |
|   LUT as Distributed RAM                   |   16 |     0 |            |           |       |
|     using O5 output only                   |    0 |       |            |           |       |
|     using O6 output only                   |    0 |       |            |           |       |
|     using O5 and O6                        |   16 |       |            |           |       |
|   LUT as Shift Register                    |    0 |     0 |            |           |       |
| CLB Registers                              | 1067 |     0 |          0 |    460800 |  0.23 |
|   Register driven from within the CLB      |   61 |       |            |           |       |
|   Register driven from outside the CLB     | 1006 |       |            |           |       |
|     LUT in front of the register is unused |  534 |       |            |           |       |
|     LUT in front of the register is used   |  472 |       |            |           |       |
| Unique Control Sets                        |   38 |       |          0 |     57600 |  0.07 |
+--------------------------------------------+------+-------+------------+-----------+-------+
* * Note: Available Control Sets calculated as Slices * 2, Review the Control Sets Report for more information regarding control sets.


3. BLOCKRAM
-----------

+----------------+------+-------+------------+-----------+-------+
|    Site Type   | Used | Fixed | Prohibited | Available | Util% |
+----------------+------+-------+------------+-----------+-------+
| Block RAM Tile |    0 |     0 |          0 |       312 |  0.00 |
|   RAMB36/FIFO* |    0 |     0 |          0 |       312 |  0.00 |
|   RAMB18       |    0 |     0 |          0 |       624 |  0.00 |
| URAM           |    0 |     0 |          0 |        96 |  0.00 |
+----------------+------+-------+------------+-----------+-------+
* Note: Each Block RAM Tile only has one FIFO logic available and therefore can accommodate only one FIFO36E2 or one FIFO18E2. However, if a FIFO18E2 occupies a Block RAM Tile, that tile can still accommodate a RAMB18E2


4. ARITHMETIC
-------------

+-----------+------+-------+------------+-----------+-------+
| Site Type | Used | Fixed | Prohibited | Available | Util% |
+-----------+------+-------+------------+-----------+-------+
| DSPs      |    0 |     0 |          0 |      1728 |  0.00 |
+-----------+------+-------+------------+-----------+-------+


5. I/O
------

+------------------+------+-------+------------+-----------+-------+
|     Site Type    | Used | Fixed | Prohibited | Available | Util% |
+------------------+------+-------+------------+-----------+-------+
| Bonded IOB       |  326 |     0 |          0 |       464 | 70.26 |
| HPIOB_M          |  142 |     0 |          0 |       192 | 73.96 |
|   INPUT          |    0 |       |            |           |       |
|   OUTPUT         |  142 |       |            |           |       |
|   BIDIR          |    0 |       |            |           |       |
| HPIOB_S          |  142 |     0 |          0 |       192 | 73.96 |
|   INPUT          |    0 |       |            |           |       |
|   OUTPUT         |  142 |       |            |           |       |
|   BIDIR          |    0 |       |            |           |       |
| HDIOB_M          |   19 |     0 |          0 |        24 | 79.17 |
|   INPUT          |    1 |       |            |           |       |
|   OUTPUT         |   18 |       |            |           |       |
|   BIDIR          |    0 |       |            |           |       |
| HDIOB_S          |   19 |     0 |          0 |        24 | 79.17 |
|   INPUT          |    0 |       |            |           |       |
|   OUTPUT         |   19 |       |            |           |       |
|   BIDIR          |    0 |       |            |           |       |
| HPIOB_SNGL       |    4 |     0 |          0 |        32 | 12.50 |
|   INPUT          |    0 |       |            |           |       |
|   OUTPUT         |    4 |       |            |           |       |
|   BIDIR          |    0 |       |            |           |       |
| HPIOBDIFFINBUF   |    0 |     0 |          0 |       192 |  0.00 |
| HPIOBDIFFOUTBUF  |    0 |     0 |          0 |       192 |  0.00 |
| HDIOBDIFFINBUF   |    0 |     0 |          0 |        48 |  0.00 |
| BITSLICE_CONTROL |    0 |     0 |          0 |        64 |  0.00 |
| BITSLICE_RX_TX   |    0 |     0 |          0 |      2496 |  0.00 |
| BITSLICE_TX      |    0 |     0 |          0 |        64 |  0.00 |
| RIU_OR           |    0 |     0 |          0 |        32 |  0.00 |
+------------------+------+-------+------------+-----------+-------+


6. CLOCK
--------

+----------------------+------+-------+------------+-----------+-------+
|       Site Type      | Used | Fixed | Prohibited | Available | Util% |
+----------------------+------+-------+------------+-----------+-------+
| GLOBAL CLOCK BUFFERs |    2 |     0 |          0 |       544 |  0.37 |
|   BUFGCE             |    2 |     0 |          0 |       208 |  0.96 |
|   BUFGCE_DIV         |    0 |     0 |          0 |        32 |  0.00 |
|   BUFG_GT            |    0 |     0 |          0 |       144 |  0.00 |
|   BUFG_PS            |    0 |     0 |          0 |        96 |  0.00 |
|   BUFGCTRL*          |    0 |     0 |          0 |        64 |  0.00 |
| PLL                  |    0 |     0 |          0 |        16 |  0.00 |
| MMCM                 |    0 |     0 |          0 |         8 |  0.00 |
+----------------------+------+-------+------------+-----------+-------+
* Note: Each used BUFGCTRL counts as two GLOBAL CLOCK BUFFERs. This table does not include global clocking resources, only buffer cell usage. See the Clock Utilization Report (report_clock_utilization) for detailed accounting of global clocking resource availability.


7. ADVANCED
-----------

+-----------------+------+-------+------------+-----------+-------+
|    Site Type    | Used | Fixed | Prohibited | Available | Util% |
+-----------------+------+-------+------------+-----------+-------+
| GTHE4_CHANNEL   |    0 |     0 |          0 |        24 |  0.00 |
| GTHE4_COMMON    |    0 |     0 |          0 |         6 |  0.00 |
| OBUFDS_GTE4     |    0 |     0 |          0 |        12 |  0.00 |
| OBUFDS_GTE4_ADV |    0 |     0 |          0 |        12 |  0.00 |
| PCIE40E4        |    0 |     0 |          0 |         2 |  0.00 |
| PS8             |    0 |     0 |          0 |         1 |  0.00 |
| SYSMONE4        |    0 |     0 |          0 |         1 |  0.00 |
+-----------------+------+-------+------------+-----------+-------+


8. CONFIGURATION
----------------

+-------------+------+-------+------------+-----------+-------+
|  Site Type  | Used | Fixed | Prohibited | Available | Util% |
+-------------+------+-------+------------+-----------+-------+
| BSCANE2     |    0 |     0 |          0 |         4 |  0.00 |
| DNA_PORTE2  |    0 |     0 |          0 |         1 |  0.00 |
| EFUSE_USR   |    0 |     0 |          0 |         1 |  0.00 |
| FRAME_ECCE4 |    0 |     0 |          0 |         1 |  0.00 |
| ICAPE3      |    0 |     0 |          0 |         2 |  0.00 |
| MASTER_JTAG |    0 |     0 |          0 |         1 |  0.00 |
| STARTUPE3   |    0 |     0 |          0 |         1 |  0.00 |
+-------------+------+-------+------------+-----------+-------+


9. Primitives
-------------

+----------+------+---------------------+
| Ref Name | Used | Functional Category |
+----------+------+---------------------+
| FDRE     | 1024 |            Register |
| LUT6     |  615 |                 CLB |
| OBUF     |  325 |                 I/O |
| LUT5     |  274 |                 CLB |
| MUXF7    |  234 |                 CLB |
| LUT3     |   91 |                 CLB |
| LUT2     |   90 |                 CLB |
| LUT4     |   89 |                 CLB |
| MUXF8    |   52 |                 CLB |
| LDCE     |   43 |            Register |
| RAMS32   |   32 |                 CLB |
| CARRY8   |   14 |                 CLB |
| BUFGCE   |    2 |               Clock |
| LUT1     |    1 |                 CLB |
| INBUF    |    1 |                 I/O |
| IBUFCTRL |    1 |              Others |
+----------+------+---------------------+


10. Black Boxes
---------------

+----------+------+
| Ref Name | Used |
+----------+------+


11. Instantiated Netlists
-------------------------

+----------+------+
| Ref Name | Used |
+----------+------+


